2026-04-24 10:29:33: Exception ('disembark-truck', (12, 10, 5)) happened during error addition.
Traceback (most recent call last):
  File "/sift/graph_generator.py", line 170, in bisimulate_and_add_error
    static_state_id = state_action_static_successor_dict[static_state_id][label]
                      ~~~~~~~~~~~~~~~~~~~~~~~~~~~~~~~~~~~~~~~~~~~~~~~~~~~^^^^^^^
KeyError: ('disembark-truck', (12, 10, 5))
/sift/main.py:201: UserWarning: generation of negative instance failed.
  warnings.warn(
2026-04-24 10:29:34: Exception ('disembark-truck', (11, 10, 5)) happened during error addition.
Traceback (most recent call last):
  File "/sift/graph_generator.py", line 170, in bisimulate_and_add_error
    static_state_id = state_action_static_successor_dict[static_state_id][label]
                      ~~~~~~~~~~~~~~~~~~~~~~~~~~~~~~~~~~~~~~~~~~~~~~~~~~~^^^^^^^
KeyError: ('disembark-truck', (11, 10, 5))
/sift/main.py:201: UserWarning: generation of negative instance failed.
  warnings.warn(
2026-04-24 10:29:34: Exception ('disembark-truck', (11, 9, 5)) happened during error addition.
Traceback (most recent call last):
  File "/sift/graph_generator.py", line 170, in bisimulate_and_add_error
    static_state_id = state_action_static_successor_dict[static_state_id][label]
                      ~~~~~~~~~~~~~~~~~~~~~~~~~~~~~~~~~~~~~~~~~~~~~~~~~~~^^^^^^^
KeyError: ('disembark-truck', (11, 9, 5))
/sift/main.py:201: UserWarning: generation of negative instance failed.
  warnings.warn(
2026-04-24 10:29:44: Exception ('disembark-truck', (11, 9, 5)) happened during error addition.
Traceback (most recent call last):
  File "/sift/graph_generator.py", line 170, in bisimulate_and_add_error
    static_state_id = state_action_static_successor_dict[static_state_id][label]
                      ~~~~~~~~~~~~~~~~~~~~~~~~~~~~~~~~~~~~~~~~~~~~~~~~~~~^^^^^^^
KeyError: ('disembark-truck', (11, 9, 5))
/sift/main.py:201: UserWarning: generation of negative instance failed.
  warnings.warn(
2026-04-24 10:29:44: Exception ('disembark-truck', (12, 10, 5)) happened during error addition.
Traceback (most recent call last):
  File "/sift/graph_generator.py", line 170, in bisimulate_and_add_error
    static_state_id = state_action_static_successor_dict[static_state_id][label]
                      ~~~~~~~~~~~~~~~~~~~~~~~~~~~~~~~~~~~~~~~~~~~~~~~~~~~^^^^^^^
KeyError: ('disembark-truck', (12, 10, 5))
/sift/main.py:201: UserWarning: generation of negative instance failed.
  warnings.warn(
2026-04-24 10:29:45: Exception ('disembark-truck', (11, 9, 5)) happened during error addition.
Traceback (most recent call last):
  File "/sift/graph_generator.py", line 170, in bisimulate_and_add_error
    static_state_id = state_action_static_successor_dict[static_state_id][label]
                      ~~~~~~~~~~~~~~~~~~~~~~~~~~~~~~~~~~~~~~~~~~~~~~~~~~~^^^^^^^
KeyError: ('disembark-truck', (11, 9, 5))
2026-04-24 10:29:49: Exception ('disembark-truck', (12, 10, 4)) happened during error addition.
Traceback (most recent call last):
  File "/sift/graph_generator.py", line 170, in bisimulate_and_add_error
    static_state_id = state_action_static_successor_dict[static_state_id][label]
                      ~~~~~~~~~~~~~~~~~~~~~~~~~~~~~~~~~~~~~~~~~~~~~~~~~~~^^^^^^^
KeyError: ('disembark-truck', (12, 10, 4))
/sift/main.py:201: UserWarning: generation of negative instance failed.
  warnings.warn(
2026-04-24 10:29:56: Exception ('disembark-truck', (12, 9, 3)) happened during error addition.
Traceback (most recent call last):
  File "/sift/graph_generator.py", line 170, in bisimulate_and_add_error
    static_state_id = state_action_static_successor_dict[static_state_id][label]
                      ~~~~~~~~~~~~~~~~~~~~~~~~~~~~~~~~~~~~~~~~~~~~~~~~~~~^^^^^^^
KeyError: ('disembark-truck', (12, 9, 3))
/sift/main.py:201: UserWarning: generation of negative instance failed.
  warnings.warn(
2026-04-24 10:30:01: Exception ('disembark-truck', (11, 9, 4)) happened during error addition.
Traceback (most recent call last):
  File "/sift/graph_generator.py", line 170, in bisimulate_and_add_error
    static_state_id = state_action_static_successor_dict[static_state_id][label]
                      ~~~~~~~~~~~~~~~~~~~~~~~~~~~~~~~~~~~~~~~~~~~~~~~~~~~^^^^^^^
KeyError: ('disembark-truck', (11, 9, 4))
/sift/main.py:201: UserWarning: generation of negative instance failed.
  warnings.warn(
2026-04-24 10:30:09: Exception ('disembark-truck', (11, 9, 3)) happened during error addition.
Traceback (most recent call last):
  File "/sift/graph_generator.py", line 170, in bisimulate_and_add_error
    static_state_id = state_action_static_successor_dict[static_state_id][label]
                      ~~~~~~~~~~~~~~~~~~~~~~~~~~~~~~~~~~~~~~~~~~~~~~~~~~~^^^^^^^
KeyError: ('disembark-truck', (11, 9, 3))
2026-04-24 10:30:13: Exception ('disembark-truck', (11, 10, 3)) happened during error addition.
Traceback (most recent call last):
  File "/sift/graph_generator.py", line 170, in bisimulate_and_add_error
    static_state_id = state_action_static_successor_dict[static_state_id][label]
                      ~~~~~~~~~~~~~~~~~~~~~~~~~~~~~~~~~~~~~~~~~~~~~~~~~~~^^^^^^^
KeyError: ('disembark-truck', (11, 10, 3))
