2026-02-20 22:18:30: Exception ('disembark-truck', (12, 10, 4)) happened during error addition.
Traceback (most recent call last):
  File "/sift/graph_generator.py", line 170, in bisimulate_and_add_error
    static_state_id = state_action_static_successor_dict[static_state_id][label]
                      ~~~~~~~~~~~~~~~~~~~~~~~~~~~~~~~~~~~~~~~~~~~~~~~~~~~^^^^^^^
KeyError: ('disembark-truck', (12, 10, 4))
/sift/main.py:200: UserWarning: generation of negative instance failed.
  warnings.warn(
2026-02-20 22:18:30: Exception ('disembark-truck', (11, 9, 3)) happened during error addition.
Traceback (most recent call last):
  File "/sift/graph_generator.py", line 170, in bisimulate_and_add_error
    static_state_id = state_action_static_successor_dict[static_state_id][label]
                      ~~~~~~~~~~~~~~~~~~~~~~~~~~~~~~~~~~~~~~~~~~~~~~~~~~~^^^^^^^
KeyError: ('disembark-truck', (11, 9, 3))
/sift/main.py:200: UserWarning: generation of negative instance failed.
  warnings.warn(
2026-02-20 22:18:33: Exception ('disembark-truck', (11, 9, 4)) happened during error addition.
Traceback (most recent call last):
  File "/sift/graph_generator.py", line 170, in bisimulate_and_add_error
    static_state_id = state_action_static_successor_dict[static_state_id][label]
                      ~~~~~~~~~~~~~~~~~~~~~~~~~~~~~~~~~~~~~~~~~~~~~~~~~~~^^^^^^^
KeyError: ('disembark-truck', (11, 9, 4))
2026-02-20 22:18:36: Exception ('disembark-truck', (11, 10, 5)) happened during error addition.
Traceback (most recent call last):
  File "/sift/graph_generator.py", line 170, in bisimulate_and_add_error
    static_state_id = state_action_static_successor_dict[static_state_id][label]
                      ~~~~~~~~~~~~~~~~~~~~~~~~~~~~~~~~~~~~~~~~~~~~~~~~~~~^^^^^^^
KeyError: ('disembark-truck', (11, 10, 5))
/sift/main.py:200: UserWarning: generation of negative instance failed.
  warnings.warn(
2026-02-20 22:18:41: Exception ('disembark-truck', (12, 9, 4)) happened during error addition.
Traceback (most recent call last):
  File "/sift/graph_generator.py", line 170, in bisimulate_and_add_error
    static_state_id = state_action_static_successor_dict[static_state_id][label]
                      ~~~~~~~~~~~~~~~~~~~~~~~~~~~~~~~~~~~~~~~~~~~~~~~~~~~^^^^^^^
KeyError: ('disembark-truck', (12, 9, 4))
/sift/main.py:200: UserWarning: generation of negative instance failed.
  warnings.warn(
2026-02-20 22:18:43: Exception ('disembark-truck', (11, 10, 4)) happened during error addition.
Traceback (most recent call last):
  File "/sift/graph_generator.py", line 170, in bisimulate_and_add_error
    static_state_id = state_action_static_successor_dict[static_state_id][label]
                      ~~~~~~~~~~~~~~~~~~~~~~~~~~~~~~~~~~~~~~~~~~~~~~~~~~~^^^^^^^
KeyError: ('disembark-truck', (11, 10, 4))
/sift/main.py:200: UserWarning: generation of negative instance failed.
  warnings.warn(
2026-02-20 22:18:44: Exception ('disembark-truck', (11, 9, 3)) happened during error addition.
Traceback (most recent call last):
  File "/sift/graph_generator.py", line 170, in bisimulate_and_add_error
    static_state_id = state_action_static_successor_dict[static_state_id][label]
                      ~~~~~~~~~~~~~~~~~~~~~~~~~~~~~~~~~~~~~~~~~~~~~~~~~~~^^^^^^^
KeyError: ('disembark-truck', (11, 9, 3))
