2026-02-22 05:18:24: Exception ('disembark-truck', (11, 10, 4)) happened during error addition.
Traceback (most recent call last):
  File "/sift/graph_generator.py", line 170, in bisimulate_and_add_error
    static_state_id = state_action_static_successor_dict[static_state_id][label]
                      ~~~~~~~~~~~~~~~~~~~~~~~~~~~~~~~~~~~~~~~~~~~~~~~~~~~^^^^^^^
KeyError: ('disembark-truck', (11, 10, 4))
/sift/main.py:200: UserWarning: generation of negative instance failed.
  warnings.warn(
2026-02-22 05:18:58: Exception ('disembark-truck', (11, 10, 5)) happened during error addition.
Traceback (most recent call last):
  File "/sift/graph_generator.py", line 170, in bisimulate_and_add_error
    static_state_id = state_action_static_successor_dict[static_state_id][label]
                      ~~~~~~~~~~~~~~~~~~~~~~~~~~~~~~~~~~~~~~~~~~~~~~~~~~~^^^^^^^
KeyError: ('disembark-truck', (11, 10, 5))
/sift/main.py:200: UserWarning: generation of negative instance failed.
  warnings.warn(
2026-02-22 05:18:59: Exception ('disembark-truck', (12, 10, 5)) happened during error addition.
Traceback (most recent call last):
  File "/sift/graph_generator.py", line 170, in bisimulate_and_add_error
    static_state_id = state_action_static_successor_dict[static_state_id][label]
                      ~~~~~~~~~~~~~~~~~~~~~~~~~~~~~~~~~~~~~~~~~~~~~~~~~~~^^^^^^^
KeyError: ('disembark-truck', (12, 10, 5))
/sift/main.py:200: UserWarning: generation of negative instance failed.
  warnings.warn(
2026-02-22 05:19:08: Exception ('disembark-truck', (12, 9, 3)) happened during error addition.
Traceback (most recent call last):
  File "/sift/graph_generator.py", line 170, in bisimulate_and_add_error
    static_state_id = state_action_static_successor_dict[static_state_id][label]
                      ~~~~~~~~~~~~~~~~~~~~~~~~~~~~~~~~~~~~~~~~~~~~~~~~~~~^^^^^^^
KeyError: ('disembark-truck', (12, 9, 3))
2026-02-22 05:19:12: Exception ('disembark-truck', (11, 9, 5)) happened during error addition.
Traceback (most recent call last):
  File "/sift/graph_generator.py", line 170, in bisimulate_and_add_error
    static_state_id = state_action_static_successor_dict[static_state_id][label]
                      ~~~~~~~~~~~~~~~~~~~~~~~~~~~~~~~~~~~~~~~~~~~~~~~~~~~^^^^^^^
KeyError: ('disembark-truck', (11, 9, 5))
/sift/main.py:200: UserWarning: generation of negative instance failed.
  warnings.warn(
2026-02-22 05:19:37: Exception ('disembark-truck', (12, 10, 5)) happened during error addition.
Traceback (most recent call last):
  File "/sift/graph_generator.py", line 170, in bisimulate_and_add_error
    static_state_id = state_action_static_successor_dict[static_state_id][label]
                      ~~~~~~~~~~~~~~~~~~~~~~~~~~~~~~~~~~~~~~~~~~~~~~~~~~~^^^^^^^
KeyError: ('disembark-truck', (12, 10, 5))
2026-02-22 05:19:49: Exception ('disembark-truck', (12, 9, 3)) happened during error addition.
Traceback (most recent call last):
  File "/sift/graph_generator.py", line 170, in bisimulate_and_add_error
    static_state_id = state_action_static_successor_dict[static_state_id][label]
                      ~~~~~~~~~~~~~~~~~~~~~~~~~~~~~~~~~~~~~~~~~~~~~~~~~~~^^^^^^^
KeyError: ('disembark-truck', (12, 9, 3))
2026-02-22 05:19:55: Exception ('disembark-truck', (11, 9, 4)) happened during error addition.
Traceback (most recent call last):
  File "/sift/graph_generator.py", line 170, in bisimulate_and_add_error
    static_state_id = state_action_static_successor_dict[static_state_id][label]
                      ~~~~~~~~~~~~~~~~~~~~~~~~~~~~~~~~~~~~~~~~~~~~~~~~~~~^^^^^^^
KeyError: ('disembark-truck', (11, 9, 4))
2026-02-22 05:20:08: Exception ('disembark-truck', (12, 9, 5)) happened during error addition.
Traceback (most recent call last):
  File "/sift/graph_generator.py", line 170, in bisimulate_and_add_error
    static_state_id = state_action_static_successor_dict[static_state_id][label]
                      ~~~~~~~~~~~~~~~~~~~~~~~~~~~~~~~~~~~~~~~~~~~~~~~~~~~^^^^^^^
KeyError: ('disembark-truck', (12, 9, 5))
2026-02-22 05:20:13: Exception ('disembark-truck', (12, 10, 5)) happened during error addition.
Traceback (most recent call last):
  File "/sift/graph_generator.py", line 170, in bisimulate_and_add_error
    static_state_id = state_action_static_successor_dict[static_state_id][label]
                      ~~~~~~~~~~~~~~~~~~~~~~~~~~~~~~~~~~~~~~~~~~~~~~~~~~~^^^^^^^
KeyError: ('disembark-truck', (12, 10, 5))
/sift/main.py:200: UserWarning: generation of negative instance failed.
  warnings.warn(
2026-02-22 05:20:19: Exception ('disembark-truck', (11, 9, 3)) happened during error addition.
Traceback (most recent call last):
  File "/sift/graph_generator.py", line 170, in bisimulate_and_add_error
    static_state_id = state_action_static_successor_dict[static_state_id][label]
                      ~~~~~~~~~~~~~~~~~~~~~~~~~~~~~~~~~~~~~~~~~~~~~~~~~~~^^^^^^^
KeyError: ('disembark-truck', (11, 9, 3))
