2026-02-19 13:16:06: Exception ('disembark-truck', (11, 10, 5)) happened during error addition.
Traceback (most recent call last):
  File "/sift/graph_generator.py", line 169, in bisimulate_and_add_error
    node = other
                 
KeyError: ('disembark-truck', (11, 10, 5))
/sift/main.py:200: UserWarning: generation of negative instance failed.
  warnings.warn(
2026-02-19 13:16:08: Exception ('disembark-truck', (11, 9, 4)) happened during error addition.
Traceback (most recent call last):
  File "/sift/graph_generator.py", line 169, in bisimulate_and_add_error
    node = other
                 
KeyError: ('disembark-truck', (11, 9, 4))
/sift/main.py:200: UserWarning: generation of negative instance failed.
  warnings.warn(
2026-02-19 13:16:08: Exception ('disembark-truck', (12, 10, 3)) happened during error addition.
Traceback (most recent call last):
  File "/sift/graph_generator.py", line 169, in bisimulate_and_add_error
    node = other
                 
KeyError: ('disembark-truck', (12, 10, 3))
/sift/main.py:200: UserWarning: generation of negative instance failed.
  warnings.warn(
2026-02-19 13:16:14: Exception ('disembark-truck', (12, 10, 5)) happened during error addition.
Traceback (most recent call last):
  File "/sift/graph_generator.py", line 169, in bisimulate_and_add_error
    node = other
                 
KeyError: ('disembark-truck', (12, 10, 5))
/sift/main.py:200: UserWarning: generation of negative instance failed.
  warnings.warn(
2026-02-19 13:16:15: Exception ('disembark-truck', (12, 9, 5)) happened during error addition.
Traceback (most recent call last):
  File "/sift/graph_generator.py", line 169, in bisimulate_and_add_error
    node = other
                 
KeyError: ('disembark-truck', (12, 9, 5))
/sift/main.py:200: UserWarning: generation of negative instance failed.
  warnings.warn(
2026-02-19 13:16:16: Exception ('disembark-truck', (12, 9, 3)) happened during error addition.
Traceback (most recent call last):
  File "/sift/graph_generator.py", line 169, in bisimulate_and_add_error
    node = other
                 
KeyError: ('disembark-truck', (12, 9, 3))
2026-02-19 13:16:16: Exception ('disembark-truck', (11, 9, 3)) happened during error addition.
Traceback (most recent call last):
  File "/sift/graph_generator.py", line 169, in bisimulate_and_add_error
    node = other
                 
KeyError: ('disembark-truck', (11, 9, 3))
/sift/main.py:200: UserWarning: generation of negative instance failed.
  warnings.warn(
/sift/main.py:200: UserWarning: generation of negative instance failed.
  warnings.warn(
2026-02-19 13:16:19: Exception ('disembark-truck', (12, 9, 4)) happened during error addition.
Traceback (most recent call last):
  File "/sift/graph_generator.py", line 169, in bisimulate_and_add_error
    node = other
                 
KeyError: ('disembark-truck', (12, 9, 4))
2026-02-19 13:16:27: Exception ('disembark-truck', (11, 10, 3)) happened during error addition.
Traceback (most recent call last):
  File "/sift/graph_generator.py", line 169, in bisimulate_and_add_error
    node = other
                 
KeyError: ('disembark-truck', (11, 10, 3))
2026-02-19 13:16:43: Exception ('disembark-truck', (11, 10, 5)) happened during error addition.
Traceback (most recent call last):
  File "/sift/graph_generator.py", line 169, in bisimulate_and_add_error
    node = other
                 
KeyError: ('disembark-truck', (11, 10, 5))
2026-02-19 13:16:48: Exception ('disembark-truck', (11, 10, 4)) happened during error addition.
Traceback (most recent call last):
  File "/sift/graph_generator.py", line 169, in bisimulate_and_add_error
    node = other
                 
KeyError: ('disembark-truck', (11, 10, 4))
