2026-02-22 16:56:55: Exception ('disembark-truck', (11, 10, 5)) happened during error addition.
Traceback (most recent call last):
  File "/sift/graph_generator.py", line 170, in bisimulate_and_add_error
    static_state_id = state_action_static_successor_dict[static_state_id][label]
                      ~~~~~~~~~~~~~~~~~~~~~~~~~~~~~~~~~~~~~~~~~~~~~~~~~~~^^^^^^^
KeyError: ('disembark-truck', (11, 10, 5))
/sift/main.py:200: UserWarning: generation of negative instance failed.
  warnings.warn(
2026-02-22 16:57:22: Exception ('disembark-truck', (11, 10, 4)) happened during error addition.
Traceback (most recent call last):
  File "/sift/graph_generator.py", line 170, in bisimulate_and_add_error
    static_state_id = state_action_static_successor_dict[static_state_id][label]
                      ~~~~~~~~~~~~~~~~~~~~~~~~~~~~~~~~~~~~~~~~~~~~~~~~~~~^^^^^^^
KeyError: ('disembark-truck', (11, 10, 4))
/sift/main.py:200: UserWarning: generation of negative instance failed.
  warnings.warn(
2026-02-22 16:57:56: Exception ('disembark-truck', (11, 10, 5)) happened during error addition.
Traceback (most recent call last):
  File "/sift/graph_generator.py", line 170, in bisimulate_and_add_error
    static_state_id = state_action_static_successor_dict[static_state_id][label]
                      ~~~~~~~~~~~~~~~~~~~~~~~~~~~~~~~~~~~~~~~~~~~~~~~~~~~^^^^^^^
KeyError: ('disembark-truck', (11, 10, 5))
/sift/main.py:200: UserWarning: generation of negative instance failed.
  warnings.warn(
2026-02-22 16:57:56: Exception ('disembark-truck', (12, 9, 4)) happened during error addition.
Traceback (most recent call last):
  File "/sift/graph_generator.py", line 170, in bisimulate_and_add_error
    static_state_id = state_action_static_successor_dict[static_state_id][label]
                      ~~~~~~~~~~~~~~~~~~~~~~~~~~~~~~~~~~~~~~~~~~~~~~~~~~~^^^^^^^
KeyError: ('disembark-truck', (12, 9, 4))
/sift/main.py:200: UserWarning: generation of negative instance failed.
  warnings.warn(
2026-02-22 16:58:33: Exception ('disembark-truck', (12, 10, 3)) happened during error addition.
Traceback (most recent call last):
  File "/sift/graph_generator.py", line 170, in bisimulate_and_add_error
    static_state_id = state_action_static_successor_dict[static_state_id][label]
                      ~~~~~~~~~~~~~~~~~~~~~~~~~~~~~~~~~~~~~~~~~~~~~~~~~~~^^^^^^^
KeyError: ('disembark-truck', (12, 10, 3))
/sift/main.py:200: UserWarning: generation of negative instance failed.
  warnings.warn(
2026-02-22 16:58:42: Exception ('disembark-truck', (11, 10, 5)) happened during error addition.
Traceback (most recent call last):
  File "/sift/graph_generator.py", line 170, in bisimulate_and_add_error
    static_state_id = state_action_static_successor_dict[static_state_id][label]
                      ~~~~~~~~~~~~~~~~~~~~~~~~~~~~~~~~~~~~~~~~~~~~~~~~~~~^^^^^^^
KeyError: ('disembark-truck', (11, 10, 5))
/sift/main.py:200: UserWarning: generation of negative instance failed.
  warnings.warn(
2026-02-22 16:58:52: Exception ('disembark-truck', (12, 10, 5)) happened during error addition.
Traceback (most recent call last):
  File "/sift/graph_generator.py", line 170, in bisimulate_and_add_error
    static_state_id = state_action_static_successor_dict[static_state_id][label]
                      ~~~~~~~~~~~~~~~~~~~~~~~~~~~~~~~~~~~~~~~~~~~~~~~~~~~^^^^^^^
KeyError: ('disembark-truck', (12, 10, 5))
/sift/main.py:200: UserWarning: generation of negative instance failed.
  warnings.warn(
2026-02-22 16:59:44: Exception ('disembark-truck', (11, 10, 3)) happened during error addition.
Traceback (most recent call last):
  File "/sift/graph_generator.py", line 170, in bisimulate_and_add_error
    static_state_id = state_action_static_successor_dict[static_state_id][label]
                      ~~~~~~~~~~~~~~~~~~~~~~~~~~~~~~~~~~~~~~~~~~~~~~~~~~~^^^^^^^
KeyError: ('disembark-truck', (11, 10, 3))
2026-02-22 16:59:52: Exception ('disembark-truck', (12, 10, 3)) happened during error addition.
Traceback (most recent call last):
  File "/sift/graph_generator.py", line 170, in bisimulate_and_add_error
    static_state_id = state_action_static_successor_dict[static_state_id][label]
                      ~~~~~~~~~~~~~~~~~~~~~~~~~~~~~~~~~~~~~~~~~~~~~~~~~~~^^^^^^^
KeyError: ('disembark-truck', (12, 10, 3))
2026-02-22 17:00:00: Exception ('disembark-truck', (11, 10, 5)) happened during error addition.
Traceback (most recent call last):
  File "/sift/graph_generator.py", line 170, in bisimulate_and_add_error
    static_state_id = state_action_static_successor_dict[static_state_id][label]
                      ~~~~~~~~~~~~~~~~~~~~~~~~~~~~~~~~~~~~~~~~~~~~~~~~~~~^^^^^^^
KeyError: ('disembark-truck', (11, 10, 5))
2026-02-22 17:00:04: Exception ('disembark-truck', (12, 10, 5)) happened during error addition.
Traceback (most recent call last):
  File "/sift/graph_generator.py", line 170, in bisimulate_and_add_error
    static_state_id = state_action_static_successor_dict[static_state_id][label]
                      ~~~~~~~~~~~~~~~~~~~~~~~~~~~~~~~~~~~~~~~~~~~~~~~~~~~^^^^^^^
KeyError: ('disembark-truck', (12, 10, 5))
2026-02-22 17:00:05: Exception ('disembark-truck', (11, 9, 3)) happened during error addition.
Traceback (most recent call last):
  File "/sift/graph_generator.py", line 170, in bisimulate_and_add_error
    static_state_id = state_action_static_successor_dict[static_state_id][label]
                      ~~~~~~~~~~~~~~~~~~~~~~~~~~~~~~~~~~~~~~~~~~~~~~~~~~~^^^^^^^
KeyError: ('disembark-truck', (11, 9, 3))
/sift/main.py:200: UserWarning: generation of negative instance failed.
  warnings.warn(
