2026-02-20 04:44:53: Exception ('disembark-truck', (11, 10, 5)) happened during error addition.
Traceback (most recent call last):
  File "/sift/graph_generator.py", line 169, in bisimulate_and_add_error
    node = other
                 
KeyError: ('disembark-truck', (11, 10, 5))
/sift/main.py:200: UserWarning: generation of negative instance failed.
  warnings.warn(
2026-02-20 04:44:54: Exception ('disembark-truck', (12, 10, 5)) happened during error addition.
Traceback (most recent call last):
  File "/sift/graph_generator.py", line 169, in bisimulate_and_add_error
    node = other
                 
KeyError: ('disembark-truck', (12, 10, 5))
/sift/main.py:200: UserWarning: generation of negative instance failed.
  warnings.warn(
2026-02-20 04:45:05: Exception ('disembark-truck', (11, 9, 5)) happened during error addition.
Traceback (most recent call last):
  File "/sift/graph_generator.py", line 169, in bisimulate_and_add_error
    node = other
                 
KeyError: ('disembark-truck', (11, 9, 5))
/sift/main.py:200: UserWarning: generation of negative instance failed.
  warnings.warn(
2026-02-20 04:45:08: Exception ('disembark-truck', (11, 10, 4)) happened during error addition.
Traceback (most recent call last):
  File "/sift/graph_generator.py", line 169, in bisimulate_and_add_error
    node = other
                 
KeyError: ('disembark-truck', (11, 10, 4))
/sift/main.py:200: UserWarning: generation of negative instance failed.
  warnings.warn(
2026-02-20 04:45:13: Exception ('disembark-truck', (11, 10, 4)) happened during error addition.
Traceback (most recent call last):
  File "/sift/graph_generator.py", line 169, in bisimulate_and_add_error
    node = other
                 
KeyError: ('disembark-truck', (11, 10, 4))
/sift/main.py:200: UserWarning: generation of negative instance failed.
  warnings.warn(
2026-02-20 04:45:14: Exception ('disembark-truck', (12, 10, 3)) happened during error addition.
Traceback (most recent call last):
  File "/sift/graph_generator.py", line 169, in bisimulate_and_add_error
    node = other
                 
KeyError: ('disembark-truck', (12, 10, 3))
/sift/main.py:200: UserWarning: generation of negative instance failed.
  warnings.warn(
2026-02-20 04:45:15: Exception ('disembark-truck', (12, 10, 5)) happened during error addition.
Traceback (most recent call last):
  File "/sift/graph_generator.py", line 169, in bisimulate_and_add_error
    node = other
                 
KeyError: ('disembark-truck', (12, 10, 5))
2026-02-20 04:45:17: Exception ('disembark-truck', (11, 9, 5)) happened during error addition.
Traceback (most recent call last):
  File "/sift/graph_generator.py", line 169, in bisimulate_and_add_error
    node = other
                 
KeyError: ('disembark-truck', (11, 9, 5))
/sift/main.py:200: UserWarning: generation of negative instance failed.
  warnings.warn(
2026-02-20 04:45:26: Exception ('disembark-truck', (12, 10, 4)) happened during error addition.
Traceback (most recent call last):
  File "/sift/graph_generator.py", line 169, in bisimulate_and_add_error
    node = other
                 
KeyError: ('disembark-truck', (12, 10, 4))
2026-02-20 04:45:30: Exception ('disembark-truck', (12, 10, 3)) happened during error addition.
Traceback (most recent call last):
  File "/sift/graph_generator.py", line 169, in bisimulate_and_add_error
    node = other
                 
KeyError: ('disembark-truck', (12, 10, 3))
2026-02-20 04:45:32: Exception ('disembark-truck', (11, 9, 5)) happened during error addition.
Traceback (most recent call last):
  File "/sift/graph_generator.py", line 169, in bisimulate_and_add_error
    node = other
                 
KeyError: ('disembark-truck', (11, 9, 5))
/sift/main.py:200: UserWarning: generation of negative instance failed.
  warnings.warn(
2026-02-20 04:45:37: Exception ('disembark-truck', (12, 9, 3)) happened during error addition.
Traceback (most recent call last):
  File "/sift/graph_generator.py", line 169, in bisimulate_and_add_error
    node = other
                 
KeyError: ('disembark-truck', (12, 9, 3))
2026-02-20 04:45:40: Exception ('disembark-truck', (12, 9, 3)) happened during error addition.
Traceback (most recent call last):
  File "/sift/graph_generator.py", line 169, in bisimulate_and_add_error
    node = other
                 
KeyError: ('disembark-truck', (12, 9, 3))
2026-02-20 04:45:45: Exception ('disembark-truck', (12, 9, 4)) happened during error addition.
Traceback (most recent call last):
  File "/sift/graph_generator.py", line 169, in bisimulate_and_add_error
    node = other
                 
KeyError: ('disembark-truck', (12, 9, 4))
2026-02-20 04:45:48: Exception ('disembark-truck', (11, 10, 4)) happened during error addition.
Traceback (most recent call last):
  File "/sift/graph_generator.py", line 169, in bisimulate_and_add_error
    node = other
                 
KeyError: ('disembark-truck', (11, 10, 4))
2026-02-20 04:45:54: Exception ('disembark-truck', (11, 9, 3)) happened during error addition.
Traceback (most recent call last):
  File "/sift/graph_generator.py", line 169, in bisimulate_and_add_error
    node = other
                 
KeyError: ('disembark-truck', (11, 9, 3))
/sift/main.py:200: UserWarning: generation of negative instance failed.
  warnings.warn(
