2026-02-19 12:18:23: Exception ('disembark-truck', (11, 10, 4)) happened during error addition.
Traceback (most recent call last):
  File "/sift/graph_generator.py", line 169, in bisimulate_and_add_error
    node = other
                 
KeyError: ('disembark-truck', (11, 10, 4))
/sift/main.py:200: UserWarning: generation of negative instance failed.
  warnings.warn(
2026-02-19 12:18:24: Exception ('disembark-truck', (11, 9, 3)) happened during error addition.
Traceback (most recent call last):
  File "/sift/graph_generator.py", line 169, in bisimulate_and_add_error
    node = other
                 
KeyError: ('disembark-truck', (11, 9, 3))
/sift/main.py:200: UserWarning: generation of negative instance failed.
  warnings.warn(
2026-02-19 12:18:32: Exception ('disembark-truck', (12, 10, 3)) happened during error addition.
Traceback (most recent call last):
  File "/sift/graph_generator.py", line 169, in bisimulate_and_add_error
    node = other
                 
KeyError: ('disembark-truck', (12, 10, 3))
/sift/main.py:200: UserWarning: generation of negative instance failed.
  warnings.warn(
2026-02-19 12:18:36: Exception ('disembark-truck', (11, 9, 5)) happened during error addition.
Traceback (most recent call last):
  File "/sift/graph_generator.py", line 169, in bisimulate_and_add_error
    node = other
                 
KeyError: ('disembark-truck', (11, 9, 5))
/sift/main.py:200: UserWarning: generation of negative instance failed.
  warnings.warn(
2026-02-19 12:18:45: Exception ('disembark-truck', (11, 10, 5)) happened during error addition.
Traceback (most recent call last):
  File "/sift/graph_generator.py", line 169, in bisimulate_and_add_error
    node = other
                 
KeyError: ('disembark-truck', (11, 10, 5))
/sift/main.py:200: UserWarning: generation of negative instance failed.
  warnings.warn(
2026-02-19 12:18:47: Exception ('disembark-truck', (11, 10, 4)) happened during error addition.
Traceback (most recent call last):
  File "/sift/graph_generator.py", line 169, in bisimulate_and_add_error
    node = other
                 
KeyError: ('disembark-truck', (11, 10, 4))
2026-02-19 12:18:48: Exception ('disembark-truck', (11, 10, 3)) happened during error addition.
Traceback (most recent call last):
  File "/sift/graph_generator.py", line 169, in bisimulate_and_add_error
    node = other
                 
KeyError: ('disembark-truck', (11, 10, 3))
2026-02-19 12:18:56: Exception ('disembark-truck', (11, 10, 5)) happened during error addition.
Traceback (most recent call last):
  File "/sift/graph_generator.py", line 169, in bisimulate_and_add_error
    node = other
                 
KeyError: ('disembark-truck', (11, 10, 5))
2026-02-19 12:19:00: Exception ('disembark-truck', (12, 10, 4)) happened during error addition.
Traceback (most recent call last):
  File "/sift/graph_generator.py", line 169, in bisimulate_and_add_error
    node = other
                 
KeyError: ('disembark-truck', (12, 10, 4))
2026-02-19 12:19:23: Exception ('disembark-truck', (11, 9, 3)) happened during error addition.
Traceback (most recent call last):
  File "/sift/graph_generator.py", line 169, in bisimulate_and_add_error
    node = other
                 
KeyError: ('disembark-truck', (11, 9, 3))
2026-02-19 12:19:23: Exception ('disembark-truck', (12, 9, 4)) happened during error addition.
Traceback (most recent call last):
  File "/sift/graph_generator.py", line 169, in bisimulate_and_add_error
    node = other
                 
KeyError: ('disembark-truck', (12, 9, 4))
/sift/main.py:200: UserWarning: generation of negative instance failed.
  warnings.warn(
/sift/main.py:200: UserWarning: generation of negative instance failed.
  warnings.warn(
