2026-02-19 13:57:08: Exception ('disembark-truck', (11, 10, 5)) happened during error addition.
Traceback (most recent call last):
  File "/sift/graph_generator.py", line 169, in bisimulate_and_add_error
    node = other
                 
KeyError: ('disembark-truck', (11, 10, 5))
/sift/main.py:200: UserWarning: generation of negative instance failed.
  warnings.warn(
2026-02-19 13:57:17: Exception ('disembark-truck', (11, 9, 4)) happened during error addition.
Traceback (most recent call last):
  File "/sift/graph_generator.py", line 169, in bisimulate_and_add_error
    node = other
                 
KeyError: ('disembark-truck', (11, 9, 4))
/sift/main.py:200: UserWarning: generation of negative instance failed.
  warnings.warn(
2026-02-19 13:57:20: Exception ('disembark-truck', (12, 9, 4)) happened during error addition.
Traceback (most recent call last):
  File "/sift/graph_generator.py", line 169, in bisimulate_and_add_error
    node = other
                 
KeyError: ('disembark-truck', (12, 9, 4))
/sift/main.py:200: UserWarning: generation of negative instance failed.
  warnings.warn(
2026-02-19 13:57:22: Exception ('disembark-truck', (11, 9, 4)) happened during error addition.
Traceback (most recent call last):
  File "/sift/graph_generator.py", line 169, in bisimulate_and_add_error
    node = other
                 
KeyError: ('disembark-truck', (11, 9, 4))
/sift/main.py:200: UserWarning: generation of negative instance failed.
  warnings.warn(
2026-02-19 13:57:29: Exception ('disembark-truck', (11, 10, 5)) happened during error addition.
Traceback (most recent call last):
  File "/sift/graph_generator.py", line 169, in bisimulate_and_add_error
    node = other
                 
KeyError: ('disembark-truck', (11, 10, 5))
/sift/main.py:200: UserWarning: generation of negative instance failed.
  warnings.warn(
2026-02-19 13:57:45: Exception ('disembark-truck', (12, 10, 3)) happened during error addition.
Traceback (most recent call last):
  File "/sift/graph_generator.py", line 169, in bisimulate_and_add_error
    node = other
                 
KeyError: ('disembark-truck', (12, 10, 3))
/sift/main.py:200: UserWarning: generation of negative instance failed.
  warnings.warn(
2026-02-19 13:58:03: Exception ('disembark-truck', (12, 9, 5)) happened during error addition.
Traceback (most recent call last):
  File "/sift/graph_generator.py", line 169, in bisimulate_and_add_error
    node = other
                 
KeyError: ('disembark-truck', (12, 9, 5))
/sift/main.py:200: UserWarning: generation of negative instance failed.
  warnings.warn(
