2026-02-19 10:56:13: Exception ('disembark-truck', (11, 9, 4)) happened during error addition.
Traceback (most recent call last):
  File "/sift/graph_generator.py", line 169, in bisimulate_and_add_error
    node = other
                 
KeyError: ('disembark-truck', (11, 9, 4))
/sift/main.py:200: UserWarning: generation of negative instance failed.
  warnings.warn(
2026-02-19 10:56:15: Exception ('disembark-truck', (12, 10, 5)) happened during error addition.
Traceback (most recent call last):
  File "/sift/graph_generator.py", line 169, in bisimulate_and_add_error
    node = other
                 
KeyError: ('disembark-truck', (12, 10, 5))
/sift/main.py:200: UserWarning: generation of negative instance failed.
  warnings.warn(
2026-02-19 10:56:22: Exception ('disembark-truck', (12, 10, 4)) happened during error addition.
Traceback (most recent call last):
  File "/sift/graph_generator.py", line 169, in bisimulate_and_add_error
    node = other
                 
KeyError: ('disembark-truck', (12, 10, 4))
/sift/main.py:200: UserWarning: generation of negative instance failed.
  warnings.warn(
2026-02-19 10:56:22: Exception ('disembark-truck', (12, 10, 5)) happened during error addition.
Traceback (most recent call last):
  File "/sift/graph_generator.py", line 169, in bisimulate_and_add_error
    node = other
                 
KeyError: ('disembark-truck', (12, 10, 5))
/sift/main.py:200: UserWarning: generation of negative instance failed.
  warnings.warn(
2026-02-19 10:56:23: Exception ('disembark-truck', (12, 9, 3)) happened during error addition.
Traceback (most recent call last):
  File "/sift/graph_generator.py", line 169, in bisimulate_and_add_error
    node = other
                 
KeyError: ('disembark-truck', (12, 9, 3))
/sift/main.py:200: UserWarning: generation of negative instance failed.
  warnings.warn(
2026-02-19 10:56:24: Exception ('disembark-truck', (12, 9, 5)) happened during error addition.
Traceback (most recent call last):
  File "/sift/graph_generator.py", line 169, in bisimulate_and_add_error
    node = other
                 
KeyError: ('disembark-truck', (12, 9, 5))
2026-02-19 10:56:26: Exception ('disembark-truck', (11, 10, 4)) happened during error addition.
Traceback (most recent call last):
  File "/sift/graph_generator.py", line 169, in bisimulate_and_add_error
    node = other
                 
KeyError: ('disembark-truck', (11, 10, 4))
2026-02-19 10:56:33: Exception ('disembark-truck', (11, 10, 4)) happened during error addition.
Traceback (most recent call last):
  File "/sift/graph_generator.py", line 169, in bisimulate_and_add_error
    node = other
                 
KeyError: ('disembark-truck', (11, 10, 4))
2026-02-19 10:56:34: Exception ('disembark-truck', (11, 9, 4)) happened during error addition.
Traceback (most recent call last):
  File "/sift/graph_generator.py", line 169, in bisimulate_and_add_error
    node = other
                 
KeyError: ('disembark-truck', (11, 9, 4))
2026-02-19 10:56:36: Exception ('disembark-truck', (11, 9, 5)) happened during error addition.
Traceback (most recent call last):
  File "/sift/graph_generator.py", line 169, in bisimulate_and_add_error
    node = other
                 
KeyError: ('disembark-truck', (11, 9, 5))
2026-02-19 10:56:37: Exception ('disembark-truck', (12, 9, 3)) happened during error addition.
Traceback (most recent call last):
  File "/sift/graph_generator.py", line 169, in bisimulate_and_add_error
    node = other
                 
KeyError: ('disembark-truck', (12, 9, 3))
2026-02-19 10:56:43: Exception ('disembark-truck', (11, 10, 3)) happened during error addition.
Traceback (most recent call last):
  File "/sift/graph_generator.py", line 169, in bisimulate_and_add_error
    node = other
                 
KeyError: ('disembark-truck', (11, 10, 3))
/sift/main.py:200: UserWarning: generation of negative instance failed.
  warnings.warn(
2026-02-19 10:56:47: Exception ('disembark-truck', (12, 9, 3)) happened during error addition.
Traceback (most recent call last):
  File "/sift/graph_generator.py", line 169, in bisimulate_and_add_error
    node = other
                 
KeyError: ('disembark-truck', (12, 9, 3))
